<?xml version="1.0" encoding="UTF-8"?>
<testng-results ignored="0" total="9" passed="7" failed="1" skipped="1">
  <reporter-output>
  </reporter-output>
  <suite started-at="2023-10-31T20:11:35 IST" name="Suite" finished-at="2023-10-31T20:11:37 IST" duration-ms="1926">
    <groups>
    </groups>
    <test started-at="2023-10-31T20:11:35 IST" name="Test" finished-at="2023-10-31T20:11:37 IST" duration-ms="1926">
      <class name="testcases.automationpracticetestcases">
        <test-method is-config="true" signature="setup()[pri:0, instance:testcases.automationpracticetestcases@11d8ae8b]" started-at="2023-10-31T20:11:23 IST" name="setup" finished-at="2023-10-31T20:11:35 IST" duration-ms="12098" status="PASS">
          <reporter-output>
          </reporter-output>
        </test-method> <!-- setup -->
        <test-method is-config="true" signature="extentreportsetup()[pri:0, instance:testcases.automationpracticetestcases@11d8ae8b]" started-at="2023-10-31T20:11:35 IST" name="extentreportsetup" finished-at="2023-10-31T20:11:35 IST" duration-ms="355" status="PASS">
          <reporter-output>
          </reporter-output>
        </test-method> <!-- extentreportsetup -->
        <test-method is-config="true" signature="launchApp(java.lang.reflect.Method)[pri:0, instance:testcases.automationpracticetestcases@11d8ae8b]" started-at="2023-10-31T20:11:35 IST" name="launchApp" finished-at="2023-10-31T20:11:35 IST" duration-ms="14" status="PASS">
          <params>
            <param index="0">
              <value>
                <![CDATA[public void testcases.automationpracticetestcases.enteraddress()]]>
              </value>
            </param>
          </params>
          <reporter-output>
          </reporter-output>
        </test-method> <!-- launchApp -->
        <test-method signature="enteraddress()[pri:0, instance:testcases.automationpracticetestcases@11d8ae8b]" started-at="2023-10-31T20:11:35 IST" name="enteraddress" finished-at="2023-10-31T20:11:35 IST" duration-ms="141" status="PASS">
          <reporter-output>
          </reporter-output>
        </test-method> <!-- enteraddress -->
        <test-method is-config="true" signature="launchApp(java.lang.reflect.Method)[pri:0, instance:testcases.automationpracticetestcases@11d8ae8b]" started-at="2023-10-31T20:11:35 IST" name="launchApp" finished-at="2023-10-31T20:11:35 IST" duration-ms="1" status="PASS">
          <params>
            <param index="0">
              <value>
                <![CDATA[public void testcases.automationpracticetestcases.enteremail()]]>
              </value>
            </param>
          </params>
          <reporter-output>
          </reporter-output>
        </test-method> <!-- launchApp -->
        <test-method signature="enteremail()[pri:0, instance:testcases.automationpracticetestcases@11d8ae8b]" started-at="2023-10-31T20:11:35 IST" name="enteremail" finished-at="2023-10-31T20:11:35 IST" duration-ms="115" status="PASS">
          <reporter-output>
          </reporter-output>
        </test-method> <!-- enteremail -->
        <test-method is-config="true" signature="launchApp(java.lang.reflect.Method)[pri:0, instance:testcases.automationpracticetestcases@11d8ae8b]" started-at="2023-10-31T20:11:35 IST" name="launchApp" finished-at="2023-10-31T20:11:35 IST" duration-ms="1" status="PASS">
          <params>
            <param index="0">
              <value>
                <![CDATA[public void testcases.automationpracticetestcases.enterphone()]]>
              </value>
            </param>
          </params>
          <reporter-output>
          </reporter-output>
        </test-method> <!-- launchApp -->
        <test-method signature="enterphone()[pri:0, instance:testcases.automationpracticetestcases@11d8ae8b]" started-at="2023-10-31T20:11:35 IST" name="enterphone" finished-at="2023-10-31T20:11:36 IST" duration-ms="123" status="PASS">
          <reporter-output>
          </reporter-output>
        </test-method> <!-- enterphone -->
        <test-method is-config="true" signature="launchApp(java.lang.reflect.Method)[pri:0, instance:testcases.automationpracticetestcases@11d8ae8b]" started-at="2023-10-31T20:11:36 IST" name="launchApp" finished-at="2023-10-31T20:11:36 IST" duration-ms="1" status="PASS">
          <params>
            <param index="0">
              <value>
                <![CDATA[public void testcases.automationpracticetestcases.newbrowserwindowbtn()]]>
              </value>
            </param>
          </params>
          <reporter-output>
          </reporter-output>
        </test-method> <!-- launchApp -->
        <test-method signature="newbrowserwindowbtn()[pri:0, instance:testcases.automationpracticetestcases@11d8ae8b]" started-at="2023-10-31T20:11:36 IST" name="newbrowserwindowbtn" finished-at="2023-10-31T20:11:36 IST" duration-ms="157" status="SKIP">
          <exception class="org.testng.SkipException">
            <message>
              <![CDATA[This is Skippe]]>
            </message>
            <full-stacktrace>
              <![CDATA[org.testng.SkipException: This is Skippe
at testcases.automationpracticetestcases.newbrowserwindowbtn(automationpracticetestcases.java:56)
at java.base/jdk.internal.reflect.NativeMethodAccessorImpl.invoke0(Native Method)
at java.base/jdk.internal.reflect.NativeMethodAccessorImpl.invoke(NativeMethodAccessorImpl.java:62)
at java.base/jdk.internal.reflect.DelegatingMethodAccessorImpl.invoke(DelegatingMethodAccessorImpl.java:43)
at java.base/java.lang.reflect.Method.invoke(Method.java:566)
at org.testng.internal.invokers.MethodInvocationHelper.invokeMethod(MethodInvocationHelper.java:139)
at org.testng.internal.invokers.TestInvoker.invokeMethod(TestInvoker.java:664)
at org.testng.internal.invokers.TestInvoker.invokeTestMethod(TestInvoker.java:227)
at org.testng.internal.invokers.MethodRunner.runInSequence(MethodRunner.java:50)
at org.testng.internal.invokers.TestInvoker$MethodInvocationAgent.invoke(TestInvoker.java:957)
at org.testng.internal.invokers.TestInvoker.invokeTestMethods(TestInvoker.java:200)
at org.testng.internal.invokers.TestMethodWorker.invokeTestMethods(TestMethodWorker.java:148)
at org.testng.internal.invokers.TestMethodWorker.run(TestMethodWorker.java:128)
at java.base/java.util.ArrayList.forEach(ArrayList.java:1541)
at org.testng.TestRunner.privateRun(TestRunner.java:848)
at org.testng.TestRunner.run(TestRunner.java:621)
at org.testng.SuiteRunner.runTest(SuiteRunner.java:443)
at org.testng.SuiteRunner.runSequentially(SuiteRunner.java:437)
at org.testng.SuiteRunner.privateRun(SuiteRunner.java:397)
at org.testng.SuiteRunner.run(SuiteRunner.java:336)
at org.testng.SuiteRunnerWorker.runSuite(SuiteRunnerWorker.java:52)
at org.testng.SuiteRunnerWorker.run(SuiteRunnerWorker.java:95)
at org.testng.TestNG.runSuitesSequentially(TestNG.java:1280)
at org.testng.TestNG.runSuitesLocally(TestNG.java:1200)
at org.testng.TestNG.runSuites(TestNG.java:1114)
at org.testng.TestNG.run(TestNG.java:1082)
at org.apache.maven.surefire.testng.TestNGExecutor.run(TestNGExecutor.java:308)
at org.apache.maven.surefire.testng.TestNGXmlTestSuite.execute(TestNGXmlTestSuite.java:71)
at org.apache.maven.surefire.testng.TestNGProvider.invoke(TestNGProvider.java:113)
at org.apache.maven.surefire.booter.ForkedBooter.runSuitesInProcess(ForkedBooter.java:385)
at org.apache.maven.surefire.booter.ForkedBooter.execute(ForkedBooter.java:162)
at org.apache.maven.surefire.booter.ForkedBooter.run(ForkedBooter.java:507)
at org.apache.maven.surefire.booter.ForkedBooter.main(ForkedBooter.java:495)
]]>
            </full-stacktrace>
          </exception> <!-- org.testng.SkipException -->
          <reporter-output>
          </reporter-output>
        </test-method> <!-- newbrowserwindowbtn -->
        <test-method is-config="true" signature="launchApp(java.lang.reflect.Method)[pri:0, instance:testcases.automationpracticetestcases@11d8ae8b]" started-at="2023-10-31T20:11:36 IST" name="launchApp" finished-at="2023-10-31T20:11:36 IST" duration-ms="1" status="PASS">
          <params>
            <param index="0">
              <value>
                <![CDATA[public void testcases.automationpracticetestcases.selectgender()]]>
              </value>
            </param>
          </params>
          <reporter-output>
          </reporter-output>
        </test-method> <!-- launchApp -->
        <test-method signature="selectgender()[pri:0, instance:testcases.automationpracticetestcases@11d8ae8b]" started-at="2023-10-31T20:11:36 IST" name="selectgender" finished-at="2023-10-31T20:11:36 IST" duration-ms="444" status="PASS">
          <reporter-output>
          </reporter-output>
        </test-method> <!-- selectgender -->
        <test-method signature="selectmonday()[pri:0, instance:testcases.automationpracticetestcases@11d8ae8b]" started-at="2023-10-31T20:11:36 IST" name="selectmonday" finished-at="2023-10-31T20:11:36 IST" duration-ms="85" status="PASS">
          <reporter-output>
          </reporter-output>
        </test-method> <!-- selectmonday -->
        <test-method is-config="true" signature="launchApp(java.lang.reflect.Method)[pri:0, instance:testcases.automationpracticetestcases@11d8ae8b]" started-at="2023-10-31T20:11:36 IST" name="launchApp" finished-at="2023-10-31T20:11:36 IST" duration-ms="0" status="PASS">
          <params>
            <param index="0">
              <value>
                <![CDATA[public void testcases.automationpracticetestcases.selectmonday()]]>
              </value>
            </param>
          </params>
          <reporter-output>
          </reporter-output>
        </test-method> <!-- launchApp -->
        <test-method is-config="true" signature="launchApp(java.lang.reflect.Method)[pri:0, instance:testcases.automationpracticetestcases@11d8ae8b]" started-at="2023-10-31T20:11:36 IST" name="launchApp" finished-at="2023-10-31T20:11:36 IST" duration-ms="0" status="PASS">
          <params>
            <param index="0">
              <value>
                <![CDATA[public void testcases.automationpracticetestcases.selectsunday()]]>
              </value>
            </param>
          </params>
          <reporter-output>
          </reporter-output>
        </test-method> <!-- launchApp -->
        <test-method signature="selectsunday()[pri:0, instance:testcases.automationpracticetestcases@11d8ae8b]" started-at="2023-10-31T20:11:36 IST" name="selectsunday" finished-at="2023-10-31T20:11:36 IST" duration-ms="105" status="PASS">
          <reporter-output>
          </reporter-output>
        </test-method> <!-- selectsunday -->
        <test-method is-config="true" signature="launchApp(java.lang.reflect.Method)[pri:0, instance:testcases.automationpracticetestcases@11d8ae8b]" started-at="2023-10-31T20:11:36 IST" name="launchApp" finished-at="2023-10-31T20:11:36 IST" duration-ms="2" status="PASS">
          <params>
            <param index="0">
              <value>
                <![CDATA[public void testcases.automationpracticetestcases.verifynewbrowserwindowtext()]]>
              </value>
            </param>
          </params>
          <reporter-output>
          </reporter-output>
        </test-method> <!-- launchApp -->
        <test-method signature="verifynewbrowserwindowtext()[pri:0, instance:testcases.automationpracticetestcases@11d8ae8b]" started-at="2023-10-31T20:11:36 IST" name="verifynewbrowserwindowtext" finished-at="2023-10-31T20:11:36 IST" duration-ms="71" status="FAIL">
          <exception class="java.lang.AssertionError">
            <message>
              <![CDATA[Element text is different expected [New Browser Windows] but found [New Browser Window]]]>
            </message>
            <full-stacktrace>
              <![CDATA[java.lang.AssertionError: Element text is different expected [New Browser Windows] but found [New Browser Window]
at org.testng.Assert.fail(Assert.java:111)
at org.testng.Assert.failNotEquals(Assert.java:1578)
at org.testng.Assert.assertEqualsImpl(Assert.java:150)
at org.testng.Assert.assertEquals(Assert.java:132)
at org.testng.Assert.assertEquals(Assert.java:656)
at testcases.automationpracticetestcases.verifynewbrowserwindowtext(automationpracticetestcases.java:50)
at java.base/jdk.internal.reflect.NativeMethodAccessorImpl.invoke0(Native Method)
at java.base/jdk.internal.reflect.NativeMethodAccessorImpl.invoke(NativeMethodAccessorImpl.java:62)
at java.base/jdk.internal.reflect.DelegatingMethodAccessorImpl.invoke(DelegatingMethodAccessorImpl.java:43)
at java.base/java.lang.reflect.Method.invoke(Method.java:566)
at org.testng.internal.invokers.MethodInvocationHelper.invokeMethod(MethodInvocationHelper.java:139)
at org.testng.internal.invokers.TestInvoker.invokeMethod(TestInvoker.java:664)
at org.testng.internal.invokers.TestInvoker.invokeTestMethod(TestInvoker.java:227)
at org.testng.internal.invokers.MethodRunner.runInSequence(MethodRunner.java:50)
at org.testng.internal.invokers.TestInvoker$MethodInvocationAgent.invoke(TestInvoker.java:957)
at org.testng.internal.invokers.TestInvoker.invokeTestMethods(TestInvoker.java:200)
at org.testng.internal.invokers.TestMethodWorker.invokeTestMethods(TestMethodWorker.java:148)
at org.testng.internal.invokers.TestMethodWorker.run(TestMethodWorker.java:128)
at java.base/java.util.ArrayList.forEach(ArrayList.java:1541)
at org.testng.TestRunner.privateRun(TestRunner.java:848)
at org.testng.TestRunner.run(TestRunner.java:621)
at org.testng.SuiteRunner.runTest(SuiteRunner.java:443)
at org.testng.SuiteRunner.runSequentially(SuiteRunner.java:437)
at org.testng.SuiteRunner.privateRun(SuiteRunner.java:397)
at org.testng.SuiteRunner.run(SuiteRunner.java:336)
at org.testng.SuiteRunnerWorker.runSuite(SuiteRunnerWorker.java:52)
at org.testng.SuiteRunnerWorker.run(SuiteRunnerWorker.java:95)
at org.testng.TestNG.runSuitesSequentially(TestNG.java:1280)
at org.testng.TestNG.runSuitesLocally(TestNG.java:1200)
at org.testng.TestNG.runSuites(TestNG.java:1114)
at org.testng.TestNG.run(TestNG.java:1082)
at org.apache.maven.surefire.testng.TestNGExecutor.run(TestNGExecutor.java:308)
at org.apache.maven.surefire.testng.TestNGXmlTestSuite.execute(TestNGXmlTestSuite.java:71)
at org.apache.maven.surefire.testng.TestNGProvider.invoke(TestNGProvider.java:113)
at org.apache.maven.surefire.booter.ForkedBooter.runSuitesInProcess(ForkedBooter.java:385)
at org.apache.maven.surefire.booter.ForkedBooter.execute(ForkedBooter.java:162)
at org.apache.maven.surefire.booter.ForkedBooter.run(ForkedBooter.java:507)
at org.apache.maven.surefire.booter.ForkedBooter.main(ForkedBooter.java:495)
]]>
            </full-stacktrace>
          </exception> <!-- java.lang.AssertionError -->
          <reporter-output>
          </reporter-output>
        </test-method> <!-- verifynewbrowserwindowtext -->
        <test-method is-config="true" signature="launchApp(java.lang.reflect.Method)[pri:0, instance:testcases.automationpracticetestcases@11d8ae8b]" started-at="2023-10-31T20:11:36 IST" name="launchApp" finished-at="2023-10-31T20:11:36 IST" duration-ms="1" status="PASS">
          <params>
            <param index="0">
              <value>
                <![CDATA[public void testcases.automationpracticetestcases.verifypage()]]>
              </value>
            </param>
          </params>
          <reporter-output>
          </reporter-output>
        </test-method> <!-- launchApp -->
        <test-method signature="verifypage()[pri:0, instance:testcases.automationpracticetestcases@11d8ae8b]" started-at="2023-10-31T20:11:36 IST" name="verifypage" finished-at="2023-10-31T20:11:37 IST" duration-ms="152" status="PASS">
          <reporter-output>
          </reporter-output>
        </test-method> <!-- verifypage -->
        <test-method is-config="true" signature="teardown()[pri:0, instance:testcases.automationpracticetestcases@11d8ae8b]" started-at="2023-10-31T20:11:37 IST" name="teardown" finished-at="2023-10-31T20:11:38 IST" duration-ms="1268" status="PASS">
          <reporter-output>
          </reporter-output>
        </test-method> <!-- teardown -->
      </class> <!-- testcases.automationpracticetestcases -->
    </test> <!-- Test -->
  </suite> <!-- Suite -->
</testng-results>
